This is pdfTeX, Version 3.14159265-2.6-1.40.19 (TeX Live 2018) (preloaded format=pdflatex 2018.4.16)  24 MAR 2019 22:53
entering extended mode
 restricted \write18 enabled.
 %&-line parsing enabled.
**Assignment2_practical_report.tex
(./Assignment2_practical_report.tex
LaTeX2e <2018-04-01> patch level 2
Babel <3.18> and hyphenation patterns for 84 language(s) loaded.
(/usr/local/texlive/2018/texmf-dist/tex/latex/base/article.cls
Document Class: article 2014/09/29 v1.4h Standard LaTeX document class
(/usr/local/texlive/2018/texmf-dist/tex/latex/base/size10.clo
File: size10.clo 2014/09/29 v1.4h Standard LaTeX file (size option)
)
\c@part=\count80
\c@section=\count81
\c@subsection=\count82
\c@subsubsection=\count83
\c@paragraph=\count84
\c@subparagraph=\count85
\c@figure=\count86
\c@table=\count87
\abovecaptionskip=\skip41
\belowcaptionskip=\skip42
\bibindent=\dimen102
)
(/usr/local/texlive/2018/texmf-dist/tex/generic/babel/babel.sty
Package: babel 2018/02/14 3.18 The Babel package

(/usr/local/texlive/2018/texmf-dist/tex/generic/babel/switch.def
File: switch.def 2018/02/14 3.18 Babel switching mechanism
)
(/usr/local/texlive/2018/texmf-dist/tex/generic/babel-english/english.ldf
Language: english 2017/06/06 v3.3r English support from the babel system

(/usr/local/texlive/2018/texmf-dist/tex/generic/babel/babel.def
File: babel.def 2018/02/14 3.18 Babel common definitions
\babel@savecnt=\count88
\U@D=\dimen103

(/usr/local/texlive/2018/texmf-dist/tex/generic/babel/txtbabel.def)
\bbl@dirlevel=\count89
)
\l@canadian = a dialect from \language\l@american 
\l@australian = a dialect from \language\l@british 
\l@newzealand = a dialect from \language\l@british 
))
(/usr/local/texlive/2018/texmf-dist/tex/latex/base/inputenc.sty
Package: inputenc 2018/04/06 v1.3b Input encoding file
\inpenc@prehook=\toks14
\inpenc@posthook=\toks15
)
(/usr/local/texlive/2018/texmf-dist/tex/latex/amsmath/amsmath.sty
Package: amsmath 2017/09/02 v2.17a AMS math features
\@mathmargin=\skip43

For additional information on amsmath, use the `?' option.
(/usr/local/texlive/2018/texmf-dist/tex/latex/amsmath/amstext.sty
Package: amstext 2000/06/29 v2.01 AMS text

(/usr/local/texlive/2018/texmf-dist/tex/latex/amsmath/amsgen.sty
File: amsgen.sty 1999/11/30 v2.0 generic functions
\@emptytoks=\toks16
\ex@=\dimen104
))
(/usr/local/texlive/2018/texmf-dist/tex/latex/amsmath/amsbsy.sty
Package: amsbsy 1999/11/29 v1.2d Bold Symbols
\pmbraise@=\dimen105
)
(/usr/local/texlive/2018/texmf-dist/tex/latex/amsmath/amsopn.sty
Package: amsopn 2016/03/08 v2.02 operator names
)
\inf@bad=\count90
LaTeX Info: Redefining \frac on input line 213.
\uproot@=\count91
\leftroot@=\count92
LaTeX Info: Redefining \overline on input line 375.
\classnum@=\count93
\DOTSCASE@=\count94
LaTeX Info: Redefining \ldots on input line 472.
LaTeX Info: Redefining \dots on input line 475.
LaTeX Info: Redefining \cdots on input line 596.
\Mathstrutbox@=\box26
\strutbox@=\box27
\big@size=\dimen106
LaTeX Font Info:    Redeclaring font encoding OML on input line 712.
LaTeX Font Info:    Redeclaring font encoding OMS on input line 713.
\macc@depth=\count95
\c@MaxMatrixCols=\count96
\dotsspace@=\muskip10
\c@parentequation=\count97
\dspbrk@lvl=\count98
\tag@help=\toks17
\row@=\count99
\column@=\count100
\maxfields@=\count101
\andhelp@=\toks18
\eqnshift@=\dimen107
\alignsep@=\dimen108
\tagshift@=\dimen109
\tagwidth@=\dimen110
\totwidth@=\dimen111
\lineht@=\dimen112
\@envbody=\toks19
\multlinegap=\skip44
\multlinetaggap=\skip45
\mathdisplay@stack=\toks20
LaTeX Info: Redefining \[ on input line 2817.
LaTeX Info: Redefining \] on input line 2818.
)
(/usr/local/texlive/2018/texmf-dist/tex/latex/graphics/graphicx.sty
Package: graphicx 2017/06/01 v1.1a Enhanced LaTeX Graphics (DPC,SPQR)

(/usr/local/texlive/2018/texmf-dist/tex/latex/graphics/keyval.sty
Package: keyval 2014/10/28 v1.15 key=value parser (DPC)
\KV@toks@=\toks21
)
(/usr/local/texlive/2018/texmf-dist/tex/latex/graphics/graphics.sty
Package: graphics 2017/06/25 v1.2c Standard LaTeX Graphics (DPC,SPQR)

(/usr/local/texlive/2018/texmf-dist/tex/latex/graphics/trig.sty
Package: trig 2016/01/03 v1.10 sin cos tan (DPC)
)
(/usr/local/texlive/2018/texmf-dist/tex/latex/graphics-cfg/graphics.cfg
File: graphics.cfg 2016/06/04 v1.11 sample graphics configuration
)
Package graphics Info: Driver file: pdftex.def on input line 99.

(/usr/local/texlive/2018/texmf-dist/tex/latex/graphics-def/pdftex.def
File: pdftex.def 2018/01/08 v1.0l Graphics/color driver for pdftex
))
\Gin@req@height=\dimen113
\Gin@req@width=\dimen114
)
(/usr/local/texlive/2018/texmf-dist/tex/latex/graphics/color.sty
Package: color 2016/07/10 v1.1e Standard LaTeX Color (DPC)

(/usr/local/texlive/2018/texmf-dist/tex/latex/graphics-cfg/color.cfg
File: color.cfg 2016/01/02 v1.6 sample color configuration
)
Package color Info: Driver file: pdftex.def on input line 147.
)
(/usr/local/texlive/2018/texmf-dist/tex/latex/geometry/geometry.sty
Package: geometry 2018/03/24 v5.7 Page Geometry

(/usr/local/texlive/2018/texmf-dist/tex/generic/oberdiek/ifpdf.sty
Package: ifpdf 2017/03/15 v3.2 Provides the ifpdf switch
)
(/usr/local/texlive/2018/texmf-dist/tex/generic/oberdiek/ifvtex.sty
Package: ifvtex 2016/05/16 v1.6 Detect VTeX and its facilities (HO)
Package ifvtex Info: VTeX not detected.
)
(/usr/local/texlive/2018/texmf-dist/tex/generic/ifxetex/ifxetex.sty
Package: ifxetex 2010/09/12 v0.6 Provides ifxetex conditional
)
\Gm@cnth=\count102
\Gm@cntv=\count103
\c@Gm@tempcnt=\count104
\Gm@bindingoffset=\dimen115
\Gm@wd@mp=\dimen116
\Gm@odd@mp=\dimen117
\Gm@even@mp=\dimen118
\Gm@layoutwidth=\dimen119
\Gm@layoutheight=\dimen120
\Gm@layouthoffset=\dimen121
\Gm@layoutvoffset=\dimen122
\Gm@dimlist=\toks22
)
(/usr/local/texlive/2018/texmf-dist/tex/latex/todonotes/todonotes.sty
Package: todonotes 2015/07/09 .dtx Todonotes source and documentation.
Package: todonotes 2012/07/25

(/usr/local/texlive/2018/texmf-dist/tex/latex/base/ifthen.sty
Package: ifthen 2014/09/29 v1.1c Standard LaTeX ifthen package (DPC)
)
(/usr/local/texlive/2018/texmf-dist/tex/latex/xkeyval/xkeyval.sty
Package: xkeyval 2014/12/03 v2.7a package option processing (HA)

(/usr/local/texlive/2018/texmf-dist/tex/generic/xkeyval/xkeyval.tex
(/usr/local/texlive/2018/texmf-dist/tex/generic/xkeyval/xkvutils.tex
\XKV@toks=\toks23
\XKV@tempa@toks=\toks24
)
\XKV@depth=\count105
File: xkeyval.tex 2014/12/03 v2.7a key=value parser (HA)
))
(/usr/local/texlive/2018/texmf-dist/tex/latex/xcolor/xcolor.sty
Package: xcolor 2016/05/11 v2.12 LaTeX color extensions (UK)

(/usr/local/texlive/2018/texmf-dist/tex/latex/graphics-cfg/color.cfg
File: color.cfg 2016/01/02 v1.6 sample color configuration
)
Package xcolor Info: Driver file: pdftex.def on input line 225.
LaTeX Info: Redefining \color on input line 709.
Package xcolor Info: Model `cmy' substituted by `cmy0' on input line 1348.
Package xcolor Info: Model `hsb' substituted by `rgb' on input line 1352.
Package xcolor Info: Model `RGB' extended on input line 1364.
Package xcolor Info: Model `HTML' substituted by `rgb' on input line 1366.
Package xcolor Info: Model `Hsb' substituted by `hsb' on input line 1367.
Package xcolor Info: Model `tHsb' substituted by `hsb' on input line 1368.
Package xcolor Info: Model `HSB' substituted by `hsb' on input line 1369.
Package xcolor Info: Model `Gray' substituted by `gray' on input line 1370.
Package xcolor Info: Model `wave' substituted by `hsb' on input line 1371.
)
(/usr/local/texlive/2018/texmf-dist/tex/latex/pgf/frontendlayer/tikz.sty
(/usr/local/texlive/2018/texmf-dist/tex/latex/pgf/basiclayer/pgf.sty
(/usr/local/texlive/2018/texmf-dist/tex/latex/pgf/utilities/pgfrcs.sty
(/usr/local/texlive/2018/texmf-dist/tex/generic/pgf/utilities/pgfutil-common.te
x
\pgfutil@everybye=\toks25
\pgfutil@tempdima=\dimen123
\pgfutil@tempdimb=\dimen124

(/usr/local/texlive/2018/texmf-dist/tex/generic/pgf/utilities/pgfutil-common-li
sts.tex))
(/usr/local/texlive/2018/texmf-dist/tex/generic/pgf/utilities/pgfutil-latex.def
\pgfutil@abb=\box28
(/usr/local/texlive/2018/texmf-dist/tex/latex/ms/everyshi.sty
Package: everyshi 2001/05/15 v3.00 EveryShipout Package (MS)
))
(/usr/local/texlive/2018/texmf-dist/tex/generic/pgf/utilities/pgfrcs.code.tex
Package: pgfrcs 2015/08/07 v3.0.1a (rcs-revision 1.31)
))
Package: pgf 2015/08/07 v3.0.1a (rcs-revision 1.15)
(/usr/local/texlive/2018/texmf-dist/tex/latex/pgf/basiclayer/pgfcore.sty
(/usr/local/texlive/2018/texmf-dist/tex/latex/pgf/systemlayer/pgfsys.sty
(/usr/local/texlive/2018/texmf-dist/tex/generic/pgf/systemlayer/pgfsys.code.tex
Package: pgfsys 2014/07/09 v3.0.1a (rcs-revision 1.48)
(/usr/local/texlive/2018/texmf-dist/tex/generic/pgf/utilities/pgfkeys.code.tex
\pgfkeys@pathtoks=\toks26
\pgfkeys@temptoks=\toks27

(/usr/local/texlive/2018/texmf-dist/tex/generic/pgf/utilities/pgfkeysfiltered.c
ode.tex
\pgfkeys@tmptoks=\toks28
))
\pgf@x=\dimen125
\pgf@y=\dimen126
\pgf@xa=\dimen127
\pgf@ya=\dimen128
\pgf@xb=\dimen129
\pgf@yb=\dimen130
\pgf@xc=\dimen131
\pgf@yc=\dimen132
\w@pgf@writea=\write3
\r@pgf@reada=\read1
\c@pgf@counta=\count106
\c@pgf@countb=\count107
\c@pgf@countc=\count108
\c@pgf@countd=\count109
\t@pgf@toka=\toks29
\t@pgf@tokb=\toks30
\t@pgf@tokc=\toks31

(/usr/local/texlive/2018/texmf-dist/tex/generic/pgf/systemlayer/pgf.cfg
File: pgf.cfg 2008/05/14  (rcs-revision 1.7)
)
Driver file for pgf: pgfsys-pdftex.def

(/usr/local/texlive/2018/texmf-dist/tex/generic/pgf/systemlayer/pgfsys-pdftex.d
ef
File: pgfsys-pdftex.def 2014/10/11  (rcs-revision 1.35)

(/usr/local/texlive/2018/texmf-dist/tex/generic/pgf/systemlayer/pgfsys-common-p
df.def
File: pgfsys-common-pdf.def 2013/10/10  (rcs-revision 1.13)
)))
(/usr/local/texlive/2018/texmf-dist/tex/generic/pgf/systemlayer/pgfsyssoftpath.
code.tex
File: pgfsyssoftpath.code.tex 2013/09/09  (rcs-revision 1.9)
\pgfsyssoftpath@smallbuffer@items=\count110
\pgfsyssoftpath@bigbuffer@items=\count111
)
(/usr/local/texlive/2018/texmf-dist/tex/generic/pgf/systemlayer/pgfsysprotocol.
code.tex
File: pgfsysprotocol.code.tex 2006/10/16  (rcs-revision 1.4)
))
(/usr/local/texlive/2018/texmf-dist/tex/generic/pgf/basiclayer/pgfcore.code.tex
Package: pgfcore 2010/04/11 v3.0.1a (rcs-revision 1.7)
(/usr/local/texlive/2018/texmf-dist/tex/generic/pgf/math/pgfmath.code.tex
(/usr/local/texlive/2018/texmf-dist/tex/generic/pgf/math/pgfmathcalc.code.tex
(/usr/local/texlive/2018/texmf-dist/tex/generic/pgf/math/pgfmathutil.code.tex)
(/usr/local/texlive/2018/texmf-dist/tex/generic/pgf/math/pgfmathparser.code.tex
\pgfmath@dimen=\dimen133
\pgfmath@count=\count112
\pgfmath@box=\box29
\pgfmath@toks=\toks32
\pgfmath@stack@operand=\toks33
\pgfmath@stack@operation=\toks34
)
(/usr/local/texlive/2018/texmf-dist/tex/generic/pgf/math/pgfmathfunctions.code.
tex
(/usr/local/texlive/2018/texmf-dist/tex/generic/pgf/math/pgfmathfunctions.basic
.code.tex)
(/usr/local/texlive/2018/texmf-dist/tex/generic/pgf/math/pgfmathfunctions.trigo
nometric.code.tex)
(/usr/local/texlive/2018/texmf-dist/tex/generic/pgf/math/pgfmathfunctions.rando
m.code.tex)
(/usr/local/texlive/2018/texmf-dist/tex/generic/pgf/math/pgfmathfunctions.compa
rison.code.tex)
(/usr/local/texlive/2018/texmf-dist/tex/generic/pgf/math/pgfmathfunctions.base.
code.tex)
(/usr/local/texlive/2018/texmf-dist/tex/generic/pgf/math/pgfmathfunctions.round
.code.tex)
(/usr/local/texlive/2018/texmf-dist/tex/generic/pgf/math/pgfmathfunctions.misc.
code.tex)
(/usr/local/texlive/2018/texmf-dist/tex/generic/pgf/math/pgfmathfunctions.integ
erarithmetics.code.tex)))
(/usr/local/texlive/2018/texmf-dist/tex/generic/pgf/math/pgfmathfloat.code.tex
\c@pgfmathroundto@lastzeros=\count113
))
(/usr/local/texlive/2018/texmf-dist/tex/generic/pgf/basiclayer/pgfcorepoints.co
de.tex
File: pgfcorepoints.code.tex 2013/10/07  (rcs-revision 1.27)
\pgf@picminx=\dimen134
\pgf@picmaxx=\dimen135
\pgf@picminy=\dimen136
\pgf@picmaxy=\dimen137
\pgf@pathminx=\dimen138
\pgf@pathmaxx=\dimen139
\pgf@pathminy=\dimen140
\pgf@pathmaxy=\dimen141
\pgf@xx=\dimen142
\pgf@xy=\dimen143
\pgf@yx=\dimen144
\pgf@yy=\dimen145
\pgf@zx=\dimen146
\pgf@zy=\dimen147
)
(/usr/local/texlive/2018/texmf-dist/tex/generic/pgf/basiclayer/pgfcorepathconst
ruct.code.tex
File: pgfcorepathconstruct.code.tex 2013/10/07  (rcs-revision 1.29)
\pgf@path@lastx=\dimen148
\pgf@path@lasty=\dimen149
)
(/usr/local/texlive/2018/texmf-dist/tex/generic/pgf/basiclayer/pgfcorepathusage
.code.tex
File: pgfcorepathusage.code.tex 2014/11/02  (rcs-revision 1.24)
\pgf@shorten@end@additional=\dimen150
\pgf@shorten@start@additional=\dimen151
)
(/usr/local/texlive/2018/texmf-dist/tex/generic/pgf/basiclayer/pgfcorescopes.co
de.tex
File: pgfcorescopes.code.tex 2015/05/08  (rcs-revision 1.46)
\pgfpic=\box30
\pgf@hbox=\box31
\pgf@layerbox@main=\box32
\pgf@picture@serial@count=\count114
)
(/usr/local/texlive/2018/texmf-dist/tex/generic/pgf/basiclayer/pgfcoregraphicst
ate.code.tex
File: pgfcoregraphicstate.code.tex 2014/11/02  (rcs-revision 1.12)
\pgflinewidth=\dimen152
)
(/usr/local/texlive/2018/texmf-dist/tex/generic/pgf/basiclayer/pgfcoretransform
ations.code.tex
File: pgfcoretransformations.code.tex 2015/08/07  (rcs-revision 1.20)
\pgf@pt@x=\dimen153
\pgf@pt@y=\dimen154
\pgf@pt@temp=\dimen155
)
(/usr/local/texlive/2018/texmf-dist/tex/generic/pgf/basiclayer/pgfcorequick.cod
e.tex
File: pgfcorequick.code.tex 2008/10/09  (rcs-revision 1.3)
)
(/usr/local/texlive/2018/texmf-dist/tex/generic/pgf/basiclayer/pgfcoreobjects.c
ode.tex
File: pgfcoreobjects.code.tex 2006/10/11  (rcs-revision 1.2)
)
(/usr/local/texlive/2018/texmf-dist/tex/generic/pgf/basiclayer/pgfcorepathproce
ssing.code.tex
File: pgfcorepathprocessing.code.tex 2013/09/09  (rcs-revision 1.9)
)
(/usr/local/texlive/2018/texmf-dist/tex/generic/pgf/basiclayer/pgfcorearrows.co
de.tex
File: pgfcorearrows.code.tex 2015/05/14  (rcs-revision 1.43)
\pgfarrowsep=\dimen156
)
(/usr/local/texlive/2018/texmf-dist/tex/generic/pgf/basiclayer/pgfcoreshade.cod
e.tex
File: pgfcoreshade.code.tex 2013/07/15  (rcs-revision 1.15)
\pgf@max=\dimen157
\pgf@sys@shading@range@num=\count115
)
(/usr/local/texlive/2018/texmf-dist/tex/generic/pgf/basiclayer/pgfcoreimage.cod
e.tex
File: pgfcoreimage.code.tex 2013/07/15  (rcs-revision 1.18)

(/usr/local/texlive/2018/texmf-dist/tex/generic/pgf/basiclayer/pgfcoreexternal.
code.tex
File: pgfcoreexternal.code.tex 2014/07/09  (rcs-revision 1.21)
\pgfexternal@startupbox=\box33
))
(/usr/local/texlive/2018/texmf-dist/tex/generic/pgf/basiclayer/pgfcorelayers.co
de.tex
File: pgfcorelayers.code.tex 2013/07/18  (rcs-revision 1.7)
)
(/usr/local/texlive/2018/texmf-dist/tex/generic/pgf/basiclayer/pgfcoretranspare
ncy.code.tex
File: pgfcoretransparency.code.tex 2013/09/30  (rcs-revision 1.5)
)
(/usr/local/texlive/2018/texmf-dist/tex/generic/pgf/basiclayer/pgfcorepatterns.
code.tex
File: pgfcorepatterns.code.tex 2013/11/07  (rcs-revision 1.5)
)))
(/usr/local/texlive/2018/texmf-dist/tex/generic/pgf/modules/pgfmoduleshapes.cod
e.tex
File: pgfmoduleshapes.code.tex 2014/03/21  (rcs-revision 1.35)
\pgfnodeparttextbox=\box34
)
(/usr/local/texlive/2018/texmf-dist/tex/generic/pgf/modules/pgfmoduleplot.code.
tex
File: pgfmoduleplot.code.tex 2015/08/03  (rcs-revision 1.13)
)
(/usr/local/texlive/2018/texmf-dist/tex/latex/pgf/compatibility/pgfcomp-version
-0-65.sty
Package: pgfcomp-version-0-65 2007/07/03 v3.0.1a (rcs-revision 1.7)
\pgf@nodesepstart=\dimen158
\pgf@nodesepend=\dimen159
)
(/usr/local/texlive/2018/texmf-dist/tex/latex/pgf/compatibility/pgfcomp-version
-1-18.sty
Package: pgfcomp-version-1-18 2007/07/23 v3.0.1a (rcs-revision 1.1)
))
(/usr/local/texlive/2018/texmf-dist/tex/latex/pgf/utilities/pgffor.sty
(/usr/local/texlive/2018/texmf-dist/tex/latex/pgf/utilities/pgfkeys.sty
(/usr/local/texlive/2018/texmf-dist/tex/generic/pgf/utilities/pgfkeys.code.tex)
) (/usr/local/texlive/2018/texmf-dist/tex/latex/pgf/math/pgfmath.sty
(/usr/local/texlive/2018/texmf-dist/tex/generic/pgf/math/pgfmath.code.tex))
(/usr/local/texlive/2018/texmf-dist/tex/generic/pgf/utilities/pgffor.code.tex
Package: pgffor 2013/12/13 v3.0.1a (rcs-revision 1.25)

(/usr/local/texlive/2018/texmf-dist/tex/generic/pgf/math/pgfmath.code.tex)
\pgffor@iter=\dimen160
\pgffor@skip=\dimen161
\pgffor@stack=\toks35
\pgffor@toks=\toks36
))
(/usr/local/texlive/2018/texmf-dist/tex/generic/pgf/frontendlayer/tikz/tikz.cod
e.tex
Package: tikz 2015/08/07 v3.0.1a (rcs-revision 1.151)

(/usr/local/texlive/2018/texmf-dist/tex/generic/pgf/libraries/pgflibraryplothan
dlers.code.tex
File: pgflibraryplothandlers.code.tex 2013/08/31 v3.0.1a (rcs-revision 1.20)
\pgf@plot@mark@count=\count116
\pgfplotmarksize=\dimen162
)
\tikz@lastx=\dimen163
\tikz@lasty=\dimen164
\tikz@lastxsaved=\dimen165
\tikz@lastysaved=\dimen166
\tikzleveldistance=\dimen167
\tikzsiblingdistance=\dimen168
\tikz@figbox=\box35
\tikz@figbox@bg=\box36
\tikz@tempbox=\box37
\tikz@tempbox@bg=\box38
\tikztreelevel=\count117
\tikznumberofchildren=\count118
\tikznumberofcurrentchild=\count119
\tikz@fig@count=\count120

(/usr/local/texlive/2018/texmf-dist/tex/generic/pgf/modules/pgfmodulematrix.cod
e.tex
File: pgfmodulematrix.code.tex 2013/09/17  (rcs-revision 1.8)
\pgfmatrixcurrentrow=\count121
\pgfmatrixcurrentcolumn=\count122
\pgf@matrix@numberofcolumns=\count123
)
\tikz@expandcount=\count124

(/usr/local/texlive/2018/texmf-dist/tex/generic/pgf/frontendlayer/tikz/librarie
s/tikzlibrarytopaths.code.tex
File: tikzlibrarytopaths.code.tex 2008/06/17 v3.0.1a (rcs-revision 1.2)
)))
(/usr/local/texlive/2018/texmf-dist/tex/generic/pgf/frontendlayer/tikz/librarie
s/tikzlibrarypositioning.code.tex
File: tikzlibrarypositioning.code.tex 2008/10/06 v3.0.1a (rcs-revision 1.7)
)
(/usr/local/texlive/2018/texmf-dist/tex/latex/tools/calc.sty
Package: calc 2017/05/25 v4.3 Infix arithmetic (KKT,FJ)
\calc@Acount=\count125
\calc@Bcount=\count126
\calc@Adimen=\dimen169
\calc@Bdimen=\dimen170
\calc@Askip=\skip46
\calc@Bskip=\skip47
LaTeX Info: Redefining \setlength on input line 80.
LaTeX Info: Redefining \addtolength on input line 81.
\calc@Ccount=\count127
\calc@Cskip=\skip48
)
\c@@todonotes@numberoftodonotes=\count128
)
(/usr/local/texlive/2018/texmf-dist/tex/latex/tools/array.sty
Package: array 2018/04/07 v2.4g Tabular extension package (FMi)
\col@sep=\dimen171
\ar@mcellbox=\box39
\extrarowheight=\dimen172
\NC@list=\toks37
\extratabsurround=\skip49
\backup@length=\skip50
\ar@cellbox=\box40
)
(/usr/local/texlive/2018/texmf-dist/tex/latex/float/float.sty
Package: float 2001/11/08 v1.3d Float enhancements (AL)
\c@float@type=\count129
\float@exts=\toks38
\float@box=\box41
\@float@everytoks=\toks39
\@floatcapt=\box42
)
\@float@every@table=\toks40

(./Assignment2_practical_report.aux)
\openout1 = `Assignment2_practical_report.aux'.

LaTeX Font Info:    Checking defaults for OML/cmm/m/it on input line 26.
LaTeX Font Info:    ... okay on input line 26.
LaTeX Font Info:    Checking defaults for T1/cmr/m/n on input line 26.
LaTeX Font Info:    ... okay on input line 26.
LaTeX Font Info:    Checking defaults for OT1/cmr/m/n on input line 26.
LaTeX Font Info:    ... okay on input line 26.
LaTeX Font Info:    Checking defaults for OMS/cmsy/m/n on input line 26.
LaTeX Font Info:    ... okay on input line 26.
LaTeX Font Info:    Checking defaults for OMX/cmex/m/n on input line 26.
LaTeX Font Info:    ... okay on input line 26.
LaTeX Font Info:    Checking defaults for U/cmr/m/n on input line 26.
LaTeX Font Info:    ... okay on input line 26.

(/usr/local/texlive/2018/texmf-dist/tex/context/base/mkii/supp-pdf.mkii
[Loading MPS to PDF converter (version 2006.09.02).]
\scratchcounter=\count130
\scratchdimen=\dimen173
\scratchbox=\box43
\nofMPsegments=\count131
\nofMParguments=\count132
\everyMPshowfont=\toks41
\MPscratchCnt=\count133
\MPscratchDim=\dimen174
\MPnumerator=\count134
\makeMPintoPDFobject=\count135
\everyMPtoPDFconversion=\toks42
) (/usr/local/texlive/2018/texmf-dist/tex/latex/oberdiek/epstopdf-base.sty
Package: epstopdf-base 2016/05/15 v2.6 Base part for package epstopdf

(/usr/local/texlive/2018/texmf-dist/tex/generic/oberdiek/infwarerr.sty
Package: infwarerr 2016/05/16 v1.4 Providing info/warning/error messages (HO)
)
(/usr/local/texlive/2018/texmf-dist/tex/latex/oberdiek/grfext.sty
Package: grfext 2016/05/16 v1.2 Manage graphics extensions (HO)

(/usr/local/texlive/2018/texmf-dist/tex/generic/oberdiek/kvdefinekeys.sty
Package: kvdefinekeys 2016/05/16 v1.4 Define keys (HO)

(/usr/local/texlive/2018/texmf-dist/tex/generic/oberdiek/ltxcmds.sty
Package: ltxcmds 2016/05/16 v1.23 LaTeX kernel commands for general use (HO)
)))
(/usr/local/texlive/2018/texmf-dist/tex/latex/oberdiek/kvoptions.sty
Package: kvoptions 2016/05/16 v3.12 Key value format for package options (HO)

(/usr/local/texlive/2018/texmf-dist/tex/generic/oberdiek/kvsetkeys.sty
Package: kvsetkeys 2016/05/16 v1.17 Key value parser (HO)

(/usr/local/texlive/2018/texmf-dist/tex/generic/oberdiek/etexcmds.sty
Package: etexcmds 2016/05/16 v1.6 Avoid name clashes with e-TeX commands (HO)

(/usr/local/texlive/2018/texmf-dist/tex/generic/oberdiek/ifluatex.sty
Package: ifluatex 2016/05/16 v1.4 Provides the ifluatex switch (HO)
Package ifluatex Info: LuaTeX not detected.
)
Package etexcmds Info: Could not find \expanded.
(etexcmds)             That can mean that you are not using pdfTeX 1.50 or
(etexcmds)             that some package has redefined \expanded.
(etexcmds)             In the latter case, load this package earlier.
)))
(/usr/local/texlive/2018/texmf-dist/tex/generic/oberdiek/pdftexcmds.sty
Package: pdftexcmds 2018/01/30 v0.27 Utility functions of pdfTeX for LuaTeX (HO
)
Package pdftexcmds Info: LuaTeX not detected.
Package pdftexcmds Info: \pdf@primitive is available.
Package pdftexcmds Info: \pdf@ifprimitive is available.
Package pdftexcmds Info: \pdfdraftmode found.
)
Package epstopdf-base Info: Redefining graphics rule for `.eps' on input line 4
38.
Package grfext Info: Graphics extension search list:
(grfext)             [.pdf,.png,.jpg,.mps,.jpeg,.jbig2,.jb2,.PDF,.PNG,.JPG,.JPE
G,.JBIG2,.JB2,.eps]
(grfext)             \AppendGraphicsExtensions on input line 456.

(/usr/local/texlive/2018/texmf-dist/tex/latex/latexconfig/epstopdf-sys.cfg
File: epstopdf-sys.cfg 2010/07/13 v1.3 Configuration of (r)epstopdf for TeX Liv
e
))
*geometry* driver: auto-detecting
*geometry* detected driver: pdftex
*geometry* verbose mode - [ preamble ] result:
* driver: pdftex
* paper: a4paper
* layout: <same size as paper>
* layoutoffset:(h,v)=(0.0pt,0.0pt)
* modes: 
* h-part:(L,W,R)=(89.62709pt, 418.25368pt, 89.6271pt)
* v-part:(T,H,B)=(101.40665pt, 591.5302pt, 152.11pt)
* \paperwidth=597.50787pt
* \paperheight=845.04684pt
* \textwidth=418.25368pt
* \textheight=591.5302pt
* \oddsidemargin=17.3571pt
* \evensidemargin=17.3571pt
* \topmargin=-7.86334pt
* \headheight=12.0pt
* \headsep=25.0pt
* \topskip=10.0pt
* \footskip=30.0pt
* \marginparwidth=57.0pt
* \marginparsep=11.0pt
* \columnsep=10.0pt
* \skip\footins=9.0pt plus 4.0pt minus 2.0pt
* \hoffset=0.0pt
* \voffset=0.0pt
* \mag=1000
* \@twocolumnfalse
* \@twosidefalse
* \@mparswitchfalse
* \@reversemarginfalse
* (1in=72.27pt=25.4mm, 1cm=28.453pt)

ABD: EveryShipout initializing macros (./problem1.tex) (./problem2.tex)
(./problem3.tex) (./problem4.tex [1

{/usr/local/texlive/2018/texmf-var/fonts/map/pdftex/updmap/pdftex.map}]
<Q4-1_RNN_epoch.png, id=15, 393.47pt x 279.0425pt>
File: Q4-1_RNN_epoch.png Graphic file (type png)
<use Q4-1_RNN_epoch.png>
Package pdftex.def Info: Q4-1_RNN_epoch.png  used on input line 53.
(pdftex.def)             Requested size: 314.77641pt x 223.2343pt.
 [2]
<Q4-1_RNN_clock.png, id=21, 393.47pt x 279.0425pt>
File: Q4-1_RNN_clock.png Graphic file (type png)
<use Q4-1_RNN_clock.png>
Package pdftex.def Info: Q4-1_RNN_clock.png  used on input line 60.
(pdftex.def)             Requested size: 314.77641pt x 223.2343pt.
<Q4-1_GRU_SGDLR_epoch.png, id=22, 393.47pt x 279.0425pt>
File: Q4-1_GRU_SGDLR_epoch.png Graphic file (type png)
<use Q4-1_GRU_SGDLR_epoch.png>
Package pdftex.def Info: Q4-1_GRU_SGDLR_epoch.png  used on input line 67.
(pdftex.def)             Requested size: 314.77641pt x 223.2343pt.
 [3 <./Q4-1_RNN_epoch.png> <./Q4-1_RNN_clock.png>]
<Q4-1_RNN_ADAM_clock.png, id=28, 393.47pt x 279.0425pt>
File: Q4-1_RNN_ADAM_clock.png Graphic file (type png)
<use Q4-1_RNN_ADAM_clock.png>
Package pdftex.def Info: Q4-1_RNN_ADAM_clock.png  used on input line 74.
(pdftex.def)             Requested size: 314.77641pt x 223.2343pt.
<Q4-1_TR_SGDLR_epoch.png, id=29, 393.47pt x 279.0425pt>
File: Q4-1_TR_SGDLR_epoch.png Graphic file (type png)
<use Q4-1_TR_SGDLR_epoch.png>
Package pdftex.def Info: Q4-1_TR_SGDLR_epoch.png  used on input line 81.
(pdftex.def)             Requested size: 314.77641pt x 223.2343pt.
 [4 <./Q4-1_GRU_SGDLR_epoch.png> <./Q4-1_RNN_ADAM_clock.png>]
<Q4-1_TR_SGDLR_clock.png, id=35, 399.4925pt x 279.0425pt>
File: Q4-1_TR_SGDLR_clock.png Graphic file (type png)
<use Q4-1_TR_SGDLR_clock.png>
Package pdftex.def Info: Q4-1_TR_SGDLR_clock.png  used on input line 88.
(pdftex.def)             Requested size: 319.59442pt x 223.2343pt.

Underfull \hbox (badness 10000) in paragraph at lines 98--117

 []

[5 <./Q4-1_TR_SGDLR_epoch.png> <./Q4-1_TR_SGDLR_clock.png>]
Overfull \hbox (8.35944pt too wide) in paragraph at lines 123--134
 [][] 
 []

<Q4-2_RNN_SGD_epoch.png, id=41, 406.51875pt x 279.0425pt>
File: Q4-2_RNN_SGD_epoch.png Graphic file (type png)
<use Q4-2_RNN_SGD_epoch.png>
Package pdftex.def Info: Q4-2_RNN_SGD_epoch.png  used on input line 138.
(pdftex.def)             Requested size: 325.21542pt x 223.2343pt.
[6]
<Q4-2_RNN_SGD_clock.png, id=45, 406.51875pt x 279.0425pt>
File: Q4-2_RNN_SGD_clock.png Graphic file (type png)
<use Q4-2_RNN_SGD_clock.png>
Package pdftex.def Info: Q4-2_RNN_SGD_clock.png  used on input line 145.
(pdftex.def)             Requested size: 325.21542pt x 223.2343pt.
<Q4-2_RNN_SGD_LR_epoch.png, id=46, 393.47pt x 279.0425pt>
File: Q4-2_RNN_SGD_LR_epoch.png Graphic file (type png)
<use Q4-2_RNN_SGD_LR_epoch.png>
Package pdftex.def Info: Q4-2_RNN_SGD_LR_epoch.png  used on input line 152.
(pdftex.def)             Requested size: 314.77641pt x 223.2343pt.
 [7 <./Q4-2_RNN_SGD_epoch.png> <./Q4-2_RNN_SGD_clock.png>]
<Q4-2_RNN_SGD_LR_clock.png, id=53, 393.47pt x 279.0425pt>
File: Q4-2_RNN_SGD_LR_clock.png Graphic file (type png)
<use Q4-2_RNN_SGD_LR_clock.png>
Package pdftex.def Info: Q4-2_RNN_SGD_LR_clock.png  used on input line 159.
(pdftex.def)             Requested size: 314.77641pt x 223.2343pt.

Underfull \hbox (badness 10000) in paragraph at lines 164--184

 []

[8 <./Q4-2_RNN_SGD_LR_epoch.png> <./Q4-2_RNN_SGD_LR_clock.png>]
Overfull \hbox (8.35944pt too wide) in paragraph at lines 189--200
 [][] 
 []

<Q4-2_GRU_ADAM_epoch.png, id=59, 393.47pt x 279.0425pt>
File: Q4-2_GRU_ADAM_epoch.png Graphic file (type png)
<use Q4-2_GRU_ADAM_epoch.png>
Package pdftex.def Info: Q4-2_GRU_ADAM_epoch.png  used on input line 204.
(pdftex.def)             Requested size: 314.77641pt x 223.2343pt.
<Q4-2_GRU_ADAM_clock.png, id=60, 403.5075pt x 279.0425pt>
File: Q4-2_GRU_ADAM_clock.png Graphic file (type png)
<use Q4-2_GRU_ADAM_clock.png>
Package pdftex.def Info: Q4-2_GRU_ADAM_clock.png  used on input line 211.
(pdftex.def)             Requested size: 322.80644pt x 223.2343pt.
[9 <./Q4-2_GRU_ADAM_epoch.png>]
<Q4-2_GRU_SGD_epoch.png, id=65, 393.47pt x 279.0425pt>
File: Q4-2_GRU_SGD_epoch.png Graphic file (type png)
<use Q4-2_GRU_SGD_epoch.png>
Package pdftex.def Info: Q4-2_GRU_SGD_epoch.png  used on input line 218.
(pdftex.def)             Requested size: 314.77641pt x 223.2343pt.
<Q4-2_GRU_SGD_clock.png, id=66, 393.47pt x 279.0425pt>
File: Q4-2_GRU_SGD_clock.png Graphic file (type png)
<use Q4-2_GRU_SGD_clock.png>
Package pdftex.def Info: Q4-2_GRU_SGD_clock.png  used on input line 225.
(pdftex.def)             Requested size: 314.77641pt x 223.2343pt.
 [10 <./Q4-2_GRU_ADAM_clock.png> <./Q4-2_GRU_SGD_epoch.png>]
Overfull \hbox (8.35944pt too wide) in paragraph at lines 254--265
 [][] 
 []

<Q4-2_TR_ADAM_epoch.png, id=72, 393.47pt x 279.0425pt>
File: Q4-2_TR_ADAM_epoch.png Graphic file (type png)
<use Q4-2_TR_ADAM_epoch.png>
Package pdftex.def Info: Q4-2_TR_ADAM_epoch.png  used on input line 269.
(pdftex.def)             Requested size: 314.77641pt x 223.2343pt.
[11 <./Q4-2_GRU_SGD_clock.png>]
<Q4-2_TR_ADAM_clock.png, id=77, 393.47pt x 279.0425pt>
File: Q4-2_TR_ADAM_clock.png Graphic file (type png)
<use Q4-2_TR_ADAM_clock.png>
Package pdftex.def Info: Q4-2_TR_ADAM_clock.png  used on input line 276.
(pdftex.def)             Requested size: 314.77641pt x 223.2343pt.
<Q4-2_TR_SGD_epoch.png, id=78, 406.51875pt x 279.0425pt>
File: Q4-2_TR_SGD_epoch.png Graphic file (type png)
<use Q4-2_TR_SGD_epoch.png>
Package pdftex.def Info: Q4-2_TR_SGD_epoch.png  used on input line 283.
(pdftex.def)             Requested size: 325.21542pt x 223.2343pt.
 [12 <./Q4-2_TR_ADAM_epoch.png> <./Q4-2_TR_ADAM_clock.png>]
<Q4-2_TR_SGD_clock.png, id=84, 406.51875pt x 279.0425pt>
File: Q4-2_TR_SGD_clock.png Graphic file (type png)
<use Q4-2_TR_SGD_clock.png>
Package pdftex.def Info: Q4-2_TR_SGD_clock.png  used on input line 290.
(pdftex.def)             Requested size: 325.21542pt x 223.2343pt.


LaTeX Warning: Reference `label' on page 13 undefined on input line 304.

<Q4-3_Summury.png, id=85, 459.7175pt x 194.7275pt>
File: Q4-3_Summury.png Graphic file (type png)
<use Q4-3_Summury.png>
Package pdftex.def Info: Q4-3_Summury.png  used on input line 308.
(pdftex.def)             Requested size: 275.83263pt x 116.83739pt.
[13 <./Q4-2_TR_SGD_epoch.png> <./Q4-2_TR_SGD_clock.png>]
<Q4-3_Hyperparameters.png, id=92, 469.755pt x 193.72375pt>
File: Q4-3_Hyperparameters.png Graphic file (type png)
<use Q4-3_Hyperparameters.png>
Package pdftex.def Info: Q4-3_Hyperparameters.png  used on input line 317.
(pdftex.def)             Requested size: 281.85518pt x 116.23514pt.
LaTeX Font Info:    Try loading font information for OMS+cmr on input line 325.


(/usr/local/texlive/2018/texmf-dist/tex/latex/base/omscmr.fd
File: omscmr.fd 2014/09/29 v2.5h Standard LaTeX font definitions
)
LaTeX Font Info:    Font shape `OMS/cmr/m/n' in size <10> not available
(Font)              Font shape `OMS/cmsy/m/n' tried instead on input line 325.
<Q4-3_RNN_1epoch.png, id=93, 393.47pt x 279.0425pt>
File: Q4-3_RNN_1epoch.png Graphic file (type png)
<use Q4-3_RNN_1epoch.png>
Package pdftex.def Info: Q4-3_RNN_1epoch.png  used on input line 328.
(pdftex.def)             Requested size: 314.77641pt x 223.2343pt.
<Q4-3_RNN_1time.png, id=94, 393.47pt x 279.0425pt>
File: Q4-3_RNN_1time.png Graphic file (type png)
<use Q4-3_RNN_1time.png>
Package pdftex.def Info: Q4-3_RNN_1time.png  used on input line 334.
(pdftex.def)             Requested size: 314.77641pt x 223.2343pt.
 [14 <./Q4-3_Summury.png> <./Q4-3_Hyperparameters.png>]
<Q4-3_RNN_2epoch.png, id=101, 393.47pt x 279.0425pt>
File: Q4-3_RNN_2epoch.png Graphic file (type png)
<use Q4-3_RNN_2epoch.png>
Package pdftex.def Info: Q4-3_RNN_2epoch.png  used on input line 341.
(pdftex.def)             Requested size: 314.77641pt x 223.2343pt.
<Q4-3_RNN_2time.png, id=102, 393.47pt x 279.0425pt>
File: Q4-3_RNN_2time.png Graphic file (type png)
<use Q4-3_RNN_2time.png>
Package pdftex.def Info: Q4-3_RNN_2time.png  used on input line 347.
(pdftex.def)             Requested size: 314.77641pt x 223.2343pt.
 [15 <./Q4-3_RNN_1epoch.png> <./Q4-3_RNN_1time.png>]
<Q4-3_RNN_3epoch.png, id=108, 393.47pt x 279.0425pt>
File: Q4-3_RNN_3epoch.png Graphic file (type png)
<use Q4-3_RNN_3epoch.png>
Package pdftex.def Info: Q4-3_RNN_3epoch.png  used on input line 354.
(pdftex.def)             Requested size: 314.77641pt x 223.2343pt.
<Q4-3_RNN_3time.png, id=109, 393.47pt x 279.0425pt>
File: Q4-3_RNN_3time.png Graphic file (type png)
<use Q4-3_RNN_3time.png>
Package pdftex.def Info: Q4-3_RNN_3time.png  used on input line 360.
(pdftex.def)             Requested size: 314.77641pt x 223.2343pt.
 [16 <./Q4-3_RNN_2epoch.png> <./Q4-3_RNN_2time.png>]
<Q4-3_GRU_1epoch.png, id=115, 393.47pt x 279.0425pt>
File: Q4-3_GRU_1epoch.png Graphic file (type png)
<use Q4-3_GRU_1epoch.png>
Package pdftex.def Info: Q4-3_GRU_1epoch.png  used on input line 370.
(pdftex.def)             Requested size: 314.77641pt x 223.2343pt.
<Q4-3_GRU_1time.png, id=116, 399.4925pt x 279.0425pt>
File: Q4-3_GRU_1time.png Graphic file (type png)
<use Q4-3_GRU_1time.png>
Package pdftex.def Info: Q4-3_GRU_1time.png  used on input line 376.
(pdftex.def)             Requested size: 319.59442pt x 223.2343pt.
 [17 <./Q4-3_RNN_3epoch.png> <./Q4-3_RNN_3time.png>]
<Q4-3_GRU_2epoch.png, id=122, 393.47pt x 279.0425pt>
File: Q4-3_GRU_2epoch.png Graphic file (type png)
<use Q4-3_GRU_2epoch.png>
Package pdftex.def Info: Q4-3_GRU_2epoch.png  used on input line 383.
(pdftex.def)             Requested size: 314.77641pt x 223.2343pt.
<Q4-3_GRU_2time.png, id=123, 393.47pt x 279.0425pt>
File: Q4-3_GRU_2time.png Graphic file (type png)
<use Q4-3_GRU_2time.png>
Package pdftex.def Info: Q4-3_GRU_2time.png  used on input line 389.
(pdftex.def)             Requested size: 314.77641pt x 223.2343pt.
 [18 <./Q4-3_GRU_1epoch.png> <./Q4-3_GRU_1time.png>]
<Q4-3_GRU_3epoch.png, id=129, 393.47pt x 279.0425pt>
File: Q4-3_GRU_3epoch.png Graphic file (type png)
<use Q4-3_GRU_3epoch.png>
Package pdftex.def Info: Q4-3_GRU_3epoch.png  used on input line 396.
(pdftex.def)             Requested size: 314.77641pt x 223.2343pt.
<Q4-3_GRU_3time.png, id=130, 393.47pt x 279.0425pt>
File: Q4-3_GRU_3time.png Graphic file (type png)
<use Q4-3_GRU_3time.png>
Package pdftex.def Info: Q4-3_GRU_3time.png  used on input line 402.
(pdftex.def)             Requested size: 314.77641pt x 223.2343pt.
 [19 <./Q4-3_GRU_2epoch.png> <./Q4-3_GRU_2time.png>]
<Q4-3_TR_1epoch.png, id=137, 393.47pt x 279.0425pt>
File: Q4-3_TR_1epoch.png Graphic file (type png)
<use Q4-3_TR_1epoch.png>
Package pdftex.def Info: Q4-3_TR_1epoch.png  used on input line 412.
(pdftex.def)             Requested size: 314.77641pt x 223.2343pt.
<Q4-3_TR_1time.png, id=138, 399.4925pt x 279.0425pt>
File: Q4-3_TR_1time.png Graphic file (type png)
<use Q4-3_TR_1time.png>
Package pdftex.def Info: Q4-3_TR_1time.png  used on input line 418.
(pdftex.def)             Requested size: 319.59442pt x 223.2343pt.
 [20 <./Q4-3_GRU_3epoch.png> <./Q4-3_GRU_3time.png>]
<Q4-3_TR_2epoch.png, id=144, 393.47pt x 279.0425pt>
File: Q4-3_TR_2epoch.png Graphic file (type png)
<use Q4-3_TR_2epoch.png>
Package pdftex.def Info: Q4-3_TR_2epoch.png  used on input line 425.
(pdftex.def)             Requested size: 314.77641pt x 223.2343pt.
<Q4-3_TR_2time.png, id=145, 393.47pt x 279.0425pt>
File: Q4-3_TR_2time.png Graphic file (type png)
<use Q4-3_TR_2time.png>
Package pdftex.def Info: Q4-3_TR_2time.png  used on input line 431.
(pdftex.def)             Requested size: 314.77641pt x 223.2343pt.
 [21 <./Q4-3_TR_1epoch.png> <./Q4-3_TR_1time.png>]
<Q4-3_TR_3epoch.png, id=151, 393.47pt x 279.0425pt>
File: Q4-3_TR_3epoch.png Graphic file (type png)
<use Q4-3_TR_3epoch.png>
Package pdftex.def Info: Q4-3_TR_3epoch.png  used on input line 438.
(pdftex.def)             Requested size: 314.77641pt x 223.2343pt.
<Q4-3_TR_3time.png, id=152, 393.47pt x 279.0425pt>
File: Q4-3_TR_3time.png Graphic file (type png)
<use Q4-3_TR_3time.png>
Package pdftex.def Info: Q4-3_TR_3time.png  used on input line 444.
(pdftex.def)             Requested size: 314.77641pt x 223.2343pt.
 [22 <./Q4-3_TR_2epoch.png> <./Q4-3_TR_2time.png>] [23 <./Q4-3_TR_3epoch.png> <
./Q4-3_TR_3time.png>]
Underfull \hbox (badness 10000) in paragraph at lines 472--473

 []

) (./problem5.tex
<loss_t-step.png, id=163, 722.7pt x 433.62pt>
File: loss_t-step.png Graphic file (type png)
<use loss_t-step.png>
Package pdftex.def Info: loss_t-step.png  used on input line 8.
(pdftex.def)             Requested size: 426.79134pt x 256.07838pt.

Overfull \hbox (8.53766pt too wide) in paragraph at lines 8--9
 [][] 
 []

[24]
<gradsL_wrt_ht.png, id=167, 722.7pt x 433.62pt>
File: gradsL_wrt_ht.png Graphic file (type png)
<use gradsL_wrt_ht.png>
Package pdftex.def Info: gradsL_wrt_ht.png  used on input line 17.
(pdftex.def)             Requested size: 426.79134pt x 256.07838pt.

Overfull \hbox (8.53766pt too wide) in paragraph at lines 17--18
 [][] 
 []

[25 <./loss_t-step.png>]) [26 <./gradsL_wrt_ht.png>] [27]
(./Assignment2_practical_report.aux)

LaTeX Warning: There were undefined references.

 ) 
Here is how much of TeX's memory you used:
 13873 strings out of 492649
 271777 string characters out of 6129622
 326764 words of memory out of 5000000
 17412 multiletter control sequences out of 15000+600000
 9798 words of font info for 36 fonts, out of 8000000 for 9000
 1141 hyphenation exceptions out of 8191
 62i,10n,56p,787b,370s stack positions out of 5000i,500n,10000p,200000b,80000s
</usr/local/texlive/2018/texmf-dist/fonts/type1/public/amsfonts/cm/cmbx10.pfb
></usr/local/texlive/2018/texmf-dist/fonts/type1/public/amsfonts/cm/cmbx12.pfb>
</usr/local/texlive/2018/texmf-dist/fonts/type1/public/amsfonts/cm/cmbx9.pfb></
usr/local/texlive/2018/texmf-dist/fonts/type1/public/amsfonts/cm/cmmi10.pfb></u
sr/local/texlive/2018/texmf-dist/fonts/type1/public/amsfonts/cm/cmr10.pfb></usr
/local/texlive/2018/texmf-dist/fonts/type1/public/amsfonts/cm/cmr12.pfb></usr/l
ocal/texlive/2018/texmf-dist/fonts/type1/public/amsfonts/cm/cmr17.pfb></usr/loc
al/texlive/2018/texmf-dist/fonts/type1/public/amsfonts/cm/cmr9.pfb></usr/local/
texlive/2018/texmf-dist/fonts/type1/public/amsfonts/cm/cmsy10.pfb></usr/local/t
exlive/2018/texmf-dist/fonts/type1/public/amsfonts/cm/cmtt10.pfb>
Output written on Assignment2_practical_report.pdf (27 pages, 711739 bytes).
PDF statistics:
 215 PDF objects out of 1000 (max. 8388607)
 95 compressed objects within 1 object stream
 0 named destinations out of 1000 (max. 500000)
 213 words of extra memory for PDF output out of 10000 (max. 10000000)

